
Running tool: /usr/local/go/bin/go test -timeout 10m -run ^TestSignalBatchingWorkflow$ github.com/temporalio/samples-go/signal-batching -v -count=1

=== RUN   TestSignalBatchingWorkflow
2022/05/11 11:03:30 INFO  No logger configured for temporal client. Created default one.
2022/05/11 11:03:30 INFO  Started Worker Namespace default TaskQueue BATCH_PROCESING_TASK_QUEUE WorkerID 21953@phi01@
2022/05/11 11:05:21 INFO  batching workflow Namespace default TaskQueue BATCH_PROCESING_TASK_QUEUE WorkerID 21953@phi01@ WorkflowType BatchProcessWorkflow WorkflowID batch.workflow RunID b5c307d0-b8c6-4562-847b-9d35ab07c4f3 Attempt 1
2022/05/11 11:05:21 DEBUG NewTimer Namespace default TaskQueue BATCH_PROCESING_TASK_QUEUE WorkerID 21953@phi01@ WorkflowType BatchProcessWorkflow WorkflowID batch.workflow RunID b5c307d0-b8c6-4562-847b-9d35ab07c4f3 Attempt 1 TimerID 7 Duration 30s
2022/05/11 11:05:21 INFO  Received signal for event {1 } Namespace default TaskQueue BATCH_PROCESING_TASK_QUEUE WorkerID 21953@phi01@ WorkflowType BatchProcessWorkflow WorkflowID batch.workflow RunID b5c307d0-b8c6-4562-847b-9d35ab07c4f3 Attempt 1
2022/05/11 11:05:21 INFO  Received signal for event {2 } Namespace default TaskQueue BATCH_PROCESING_TASK_QUEUE WorkerID 21953@phi01@ WorkflowType BatchProcessWorkflow WorkflowID batch.workflow RunID b5c307d0-b8c6-4562-847b-9d35ab07c4f3 Attempt 1
2022/05/11 11:05:21 INFO  Received signal for event {3 } Namespace default TaskQueue BATCH_PROCESING_TASK_QUEUE WorkerID 21953@phi01@ WorkflowType BatchProcessWorkflow WorkflowID batch.workflow RunID b5c307d0-b8c6-4562-847b-9d35ab07c4f3 Attempt 1
2022/05/11 11:05:21 INFO  Received signal for event {4 } Namespace default TaskQueue BATCH_PROCESING_TASK_QUEUE WorkerID 21953@phi01@ WorkflowType BatchProcessWorkflow WorkflowID batch.workflow RunID b5c307d0-b8c6-4562-847b-9d35ab07c4f3 Attempt 1
2022/05/11 11:05:21 INFO  event received. Namespace default TaskQueue BATCH_PROCESING_TASK_QUEUE WorkerID 21953@phi01@ WorkflowType BatchProcessWorkflow WorkflowID batch.workflow RunID b5c307d0-b8c6-4562-847b-9d35ab07c4f3 Attempt 1
2022/05/11 11:05:21 INFO  processing batch of length 5  Namespace default TaskQueue BATCH_PROCESING_TASK_QUEUE WorkerID 21953@phi01@ WorkflowType BatchProcessWorkflow WorkflowID batch.workflow RunID b5c307d0-b8c6-4562-847b-9d35ab07c4f3 Attempt 1
2022/05/11 11:05:21 DEBUG ExecuteActivity Namespace default TaskQueue BATCH_PROCESING_TASK_QUEUE WorkerID 21953@phi01@ WorkflowType BatchProcessWorkflow WorkflowID batch.workflow RunID b5c307d0-b8c6-4562-847b-9d35ab07c4f3 Attempt 1 ActivityID 16 ActivityType BatchProcessingActivity
2022/05/11 11:05:21 INFO  BatchProcessingActivity processing started. Namespace default TaskQueue BATCH_PROCESING_TASK_QUEUE WorkerID 21953@phi01@ ActivityID 16 ActivityType BatchProcessingActivity Attempt 1 WorkflowType BatchProcessWorkflow WorkflowID batch.workflow RunID b5c307d0-b8c6-4562-847b-9d35ab07c4f3 count 5
2022/05/11 11:05:21 INFO  BatchProcessingActivity process Namespace default TaskQueue BATCH_PROCESING_TASK_QUEUE WorkerID 21953@phi01@ ActivityID 16 ActivityType BatchProcessingActivity Attempt 1 WorkflowType BatchProcessWorkflow WorkflowID batch.workflow RunID b5c307d0-b8c6-4562-847b-9d35ab07c4f3 event {1 }
2022/05/11 11:05:21 INFO  BatchProcessingActivity process Namespace default TaskQueue BATCH_PROCESING_TASK_QUEUE WorkerID 21953@phi01@ ActivityID 16 ActivityType BatchProcessingActivity Attempt 1 WorkflowType BatchProcessWorkflow WorkflowID batch.workflow RunID b5c307d0-b8c6-4562-847b-9d35ab07c4f3 event {2 }
2022/05/11 11:05:21 INFO  BatchProcessingActivity process Namespace default TaskQueue BATCH_PROCESING_TASK_QUEUE WorkerID 21953@phi01@ ActivityID 16 ActivityType BatchProcessingActivity Attempt 1 WorkflowType BatchProcessWorkflow WorkflowID batch.workflow RunID b5c307d0-b8c6-4562-847b-9d35ab07c4f3 event {3 }
2022/05/11 11:05:21 INFO  BatchProcessingActivity process Namespace default TaskQueue BATCH_PROCESING_TASK_QUEUE WorkerID 21953@phi01@ ActivityID 16 ActivityType BatchProcessingActivity Attempt 1 WorkflowType BatchProcessWorkflow WorkflowID batch.workflow RunID b5c307d0-b8c6-4562-847b-9d35ab07c4f3 event {4 }
2022/05/11 11:05:21 INFO  BatchProcessingActivity process Namespace default TaskQueue BATCH_PROCESING_TASK_QUEUE WorkerID 21953@phi01@ ActivityID 16 ActivityType BatchProcessingActivity Attempt 1 WorkflowType BatchProcessWorkflow WorkflowID batch.workflow RunID b5c307d0-b8c6-4562-847b-9d35ab07c4f3 event { }
2022/05/11 11:05:22 INFO  BatchProcessingActivity done. Namespace default TaskQueue BATCH_PROCESING_TASK_QUEUE WorkerID 21953@phi01@ ActivityID 16 ActivityType BatchProcessingActivity Attempt 1 WorkflowType BatchProcessWorkflow WorkflowID batch.workflow RunID b5c307d0-b8c6-4562-847b-9d35ab07c4f3 duration 1s
2022/05/11 11:05:22 INFO  Workflow completed  Namespace default TaskQueue BATCH_PROCESING_TASK_QUEUE WorkerID 21953@phi01@ WorkflowType BatchProcessWorkflow WorkflowID batch.workflow RunID b5c307d0-b8c6-4562-847b-9d35ab07c4f3 Attempt 1
2022/05/11 11:05:22 INFO  Workflow has unhandled signals Namespace default TaskQueue BATCH_PROCESING_TASK_QUEUE WorkerID 21953@phi01@ WorkflowType BatchProcessWorkflow WorkflowID batch.workflow RunID b5c307d0-b8c6-4562-847b-9d35ab07c4f3 Attempt 1 SignalNames [batch.processing.event]
2022/05/11 11:05:22 INFO  batching workflow Namespace default TaskQueue BATCH_PROCESING_TASK_QUEUE WorkerID 21953@phi01@ WorkflowType BatchProcessWorkflow WorkflowID batch.workflow RunID 18aebc1b-a470-4935-a36f-1ffeb92729dd Attempt 1
2022/05/11 11:05:22 DEBUG NewTimer Namespace default TaskQueue BATCH_PROCESING_TASK_QUEUE WorkerID 21953@phi01@ WorkflowType BatchProcessWorkflow WorkflowID batch.workflow RunID 18aebc1b-a470-4935-a36f-1ffeb92729dd Attempt 1 TimerID 5 Duration 30s
2022/05/11 11:05:52 INFO  event received. Namespace default TaskQueue BATCH_PROCESING_TASK_QUEUE WorkerID 21953@phi01@ WorkflowType BatchProcessWorkflow WorkflowID batch.workflow RunID 18aebc1b-a470-4935-a36f-1ffeb92729dd Attempt 1
2022/05/11 11:05:52 INFO  processing batch of length 1  Namespace default TaskQueue BATCH_PROCESING_TASK_QUEUE WorkerID 21953@phi01@ WorkflowType BatchProcessWorkflow WorkflowID batch.workflow RunID 18aebc1b-a470-4935-a36f-1ffeb92729dd Attempt 1
2022/05/11 11:05:52 DEBUG ExecuteActivity Namespace default TaskQueue BATCH_PROCESING_TASK_QUEUE WorkerID 21953@phi01@ WorkflowType BatchProcessWorkflow WorkflowID batch.workflow RunID 18aebc1b-a470-4935-a36f-1ffeb92729dd Attempt 1 ActivityID 10 ActivityType BatchProcessingActivity
2022/05/11 11:05:52 INFO  BatchProcessingActivity processing started. Namespace default TaskQueue BATCH_PROCESING_TASK_QUEUE WorkerID 21953@phi01@ ActivityID 10 ActivityType BatchProcessingActivity Attempt 1 WorkflowType BatchProcessWorkflow WorkflowID batch.workflow RunID 18aebc1b-a470-4935-a36f-1ffeb92729dd count 1
2022/05/11 11:05:52 INFO  BatchProcessingActivity process Namespace default TaskQueue BATCH_PROCESING_TASK_QUEUE WorkerID 21953@phi01@ ActivityID 10 ActivityType BatchProcessingActivity Attempt 1 WorkflowType BatchProcessWorkflow WorkflowID batch.workflow RunID 18aebc1b-a470-4935-a36f-1ffeb92729dd event { }
2022/05/11 11:05:59 INFO  BatchProcessingActivity done. Namespace default TaskQueue BATCH_PROCESING_TASK_QUEUE WorkerID 21953@phi01@ ActivityID 10 ActivityType BatchProcessingActivity Attempt 1 WorkflowType BatchProcessWorkflow WorkflowID batch.workflow RunID 18aebc1b-a470-4935-a36f-1ffeb92729dd duration 7s
2022/05/11 11:05:59 INFO  Workflow completed  Namespace default TaskQueue BATCH_PROCESING_TASK_QUEUE WorkerID 21953@phi01@ WorkflowType BatchProcessWorkflow WorkflowID batch.workflow RunID 18aebc1b-a470-4935-a36f-1ffeb92729dd Attempt 1
2022/05/11 11:05:59 INFO  batching workflow Namespace default TaskQueue BATCH_PROCESING_TASK_QUEUE WorkerID 21953@phi01@ WorkflowType BatchProcessWorkflow WorkflowID batch.workflow RunID d58fd6c0-b28f-4823-8af3-2ec67130992c Attempt 1
2022/05/11 11:05:59 DEBUG NewTimer Namespace default TaskQueue BATCH_PROCESING_TASK_QUEUE WorkerID 21953@phi01@ WorkflowType BatchProcessWorkflow WorkflowID batch.workflow RunID d58fd6c0-b28f-4823-8af3-2ec67130992c Attempt 1 TimerID 5 Duration 30s
2022/05/11 11:06:29 INFO  event received. Namespace default TaskQueue BATCH_PROCESING_TASK_QUEUE WorkerID 21953@phi01@ WorkflowType BatchProcessWorkflow WorkflowID batch.workflow RunID d58fd6c0-b28f-4823-8af3-2ec67130992c Attempt 1
2022/05/11 11:06:29 INFO  processing batch of length 1  Namespace default TaskQueue BATCH_PROCESING_TASK_QUEUE WorkerID 21953@phi01@ WorkflowType BatchProcessWorkflow WorkflowID batch.workflow RunID d58fd6c0-b28f-4823-8af3-2ec67130992c Attempt 1
2022/05/11 11:06:29 DEBUG ExecuteActivity Namespace default TaskQueue BATCH_PROCESING_TASK_QUEUE WorkerID 21953@phi01@ WorkflowType BatchProcessWorkflow WorkflowID batch.workflow RunID d58fd6c0-b28f-4823-8af3-2ec67130992c Attempt 1 ActivityID 10 ActivityType BatchProcessingActivity
2022/05/11 11:06:29 INFO  BatchProcessingActivity processing started. Namespace default TaskQueue BATCH_PROCESING_TASK_QUEUE WorkerID 21953@phi01@ ActivityID 10 ActivityType BatchProcessingActivity Attempt 1 WorkflowType BatchProcessWorkflow WorkflowID batch.workflow RunID d58fd6c0-b28f-4823-8af3-2ec67130992c count 1
2022/05/11 11:06:29 INFO  BatchProcessingActivity process Namespace default TaskQueue BATCH_PROCESING_TASK_QUEUE WorkerID 21953@phi01@ ActivityID 10 ActivityType BatchProcessingActivity Attempt 1 WorkflowType BatchProcessWorkflow WorkflowID batch.workflow RunID d58fd6c0-b28f-4823-8af3-2ec67130992c event { }
2022/05/11 11:06:36 INFO  BatchProcessingActivity done. Namespace default TaskQueue BATCH_PROCESING_TASK_QUEUE WorkerID 21953@phi01@ ActivityID 10 ActivityType BatchProcessingActivity Attempt 1 WorkflowType BatchProcessWorkflow WorkflowID batch.workflow RunID d58fd6c0-b28f-4823-8af3-2ec67130992c duration 7s
2022/05/11 11:06:36 INFO  Workflow completed  Namespace default TaskQueue BATCH_PROCESING_TASK_QUEUE WorkerID 21953@phi01@ WorkflowType BatchProcessWorkflow WorkflowID batch.workflow RunID d58fd6c0-b28f-4823-8af3-2ec67130992c Attempt 1
2022/05/11 11:06:36 INFO  batching workflow Namespace default TaskQueue BATCH_PROCESING_TASK_QUEUE WorkerID 21953@phi01@ WorkflowType BatchProcessWorkflow WorkflowID batch.workflow RunID a791ae87-51bc-4f68-9fcd-f5fb27288a16 Attempt 1
2022/05/11 11:06:36 DEBUG NewTimer Namespace default TaskQueue BATCH_PROCESING_TASK_QUEUE WorkerID 21953@phi01@ WorkflowType BatchProcessWorkflow WorkflowID batch.workflow RunID a791ae87-51bc-4f68-9fcd-f5fb27288a16 Attempt 1 TimerID 5 Duration 30s
2022/05/11 11:07:06 INFO  event received. Namespace default TaskQueue BATCH_PROCESING_TASK_QUEUE WorkerID 21953@phi01@ WorkflowType BatchProcessWorkflow WorkflowID batch.workflow RunID a791ae87-51bc-4f68-9fcd-f5fb27288a16 Attempt 1
2022/05/11 11:07:06 INFO  processing batch of length 1  Namespace default TaskQueue BATCH_PROCESING_TASK_QUEUE WorkerID 21953@phi01@ WorkflowType BatchProcessWorkflow WorkflowID batch.workflow RunID a791ae87-51bc-4f68-9fcd-f5fb27288a16 Attempt 1
2022/05/11 11:07:06 DEBUG ExecuteActivity Namespace default TaskQueue BATCH_PROCESING_TASK_QUEUE WorkerID 21953@phi01@ WorkflowType BatchProcessWorkflow WorkflowID batch.workflow RunID a791ae87-51bc-4f68-9fcd-f5fb27288a16 Attempt 1 ActivityID 10 ActivityType BatchProcessingActivity
2022/05/11 11:07:06 INFO  BatchProcessingActivity processing started. Namespace default TaskQueue BATCH_PROCESING_TASK_QUEUE WorkerID 21953@phi01@ ActivityID 10 ActivityType BatchProcessingActivity Attempt 1 WorkflowType BatchProcessWorkflow WorkflowID batch.workflow RunID a791ae87-51bc-4f68-9fcd-f5fb27288a16 count 1
2022/05/11 11:07:06 INFO  BatchProcessingActivity process Namespace default TaskQueue BATCH_PROCESING_TASK_QUEUE WorkerID 21953@phi01@ ActivityID 10 ActivityType BatchProcessingActivity Attempt 1 WorkflowType BatchProcessWorkflow WorkflowID batch.workflow RunID a791ae87-51bc-4f68-9fcd-f5fb27288a16 event { }
2022/05/11 11:07:15 INFO  BatchProcessingActivity done. Namespace default TaskQueue BATCH_PROCESING_TASK_QUEUE WorkerID 21953@phi01@ ActivityID 10 ActivityType BatchProcessingActivity Attempt 1 WorkflowType BatchProcessWorkflow WorkflowID batch.workflow RunID a791ae87-51bc-4f68-9fcd-f5fb27288a16 duration 9s
2022/05/11 11:07:15 INFO  Workflow completed  Namespace default TaskQueue BATCH_PROCESING_TASK_QUEUE WorkerID 21953@phi01@ WorkflowType BatchProcessWorkflow WorkflowID batch.workflow RunID a791ae87-51bc-4f68-9fcd-f5fb27288a16 Attempt 1
2022/05/11 11:07:15 INFO  batching workflow Namespace default TaskQueue BATCH_PROCESING_TASK_QUEUE WorkerID 21953@phi01@ WorkflowType BatchProcessWorkflow WorkflowID batch.workflow RunID 43475cca-0043-4abb-b1ba-b0245ee1841d Attempt 1
2022/05/11 11:07:15 DEBUG NewTimer Namespace default TaskQueue BATCH_PROCESING_TASK_QUEUE WorkerID 21953@phi01@ WorkflowType BatchProcessWorkflow WorkflowID batch.workflow RunID 43475cca-0043-4abb-b1ba-b0245ee1841d Attempt 1 TimerID 5 Duration 30s
2022/05/11 11:07:45 INFO  event received. Namespace default TaskQueue BATCH_PROCESING_TASK_QUEUE WorkerID 21953@phi01@ WorkflowType BatchProcessWorkflow WorkflowID batch.workflow RunID 43475cca-0043-4abb-b1ba-b0245ee1841d Attempt 1
2022/05/11 11:07:45 INFO  processing batch of length 1  Namespace default TaskQueue BATCH_PROCESING_TASK_QUEUE WorkerID 21953@phi01@ WorkflowType BatchProcessWorkflow WorkflowID batch.workflow RunID 43475cca-0043-4abb-b1ba-b0245ee1841d Attempt 1
2022/05/11 11:07:45 DEBUG ExecuteActivity Namespace default TaskQueue BATCH_PROCESING_TASK_QUEUE WorkerID 21953@phi01@ WorkflowType BatchProcessWorkflow WorkflowID batch.workflow RunID 43475cca-0043-4abb-b1ba-b0245ee1841d Attempt 1 ActivityID 10 ActivityType BatchProcessingActivity
2022/05/11 11:07:46 INFO  BatchProcessingActivity processing started. Namespace default TaskQueue BATCH_PROCESING_TASK_QUEUE WorkerID 21953@phi01@ ActivityID 10 ActivityType BatchProcessingActivity Attempt 1 WorkflowType BatchProcessWorkflow WorkflowID batch.workflow RunID 43475cca-0043-4abb-b1ba-b0245ee1841d count 1
2022/05/11 11:07:46 INFO  BatchProcessingActivity process Namespace default TaskQueue BATCH_PROCESING_TASK_QUEUE WorkerID 21953@phi01@ ActivityID 10 ActivityType BatchProcessingActivity Attempt 1 WorkflowType BatchProcessWorkflow WorkflowID batch.workflow RunID 43475cca-0043-4abb-b1ba-b0245ee1841d event { }
2022/05/11 11:07:47 INFO  BatchProcessingActivity done. Namespace default TaskQueue BATCH_PROCESING_TASK_QUEUE WorkerID 21953@phi01@ ActivityID 10 ActivityType BatchProcessingActivity Attempt 1 WorkflowType BatchProcessWorkflow WorkflowID batch.workflow RunID 43475cca-0043-4abb-b1ba-b0245ee1841d duration 1s
2022/05/11 11:07:47 INFO  Workflow completed  Namespace default TaskQueue BATCH_PROCESING_TASK_QUEUE WorkerID 21953@phi01@ WorkflowType BatchProcessWorkflow WorkflowID batch.workflow RunID 43475cca-0043-4abb-b1ba-b0245ee1841d Attempt 1
2022/05/11 11:07:47 INFO  batching workflow Namespace default TaskQueue BATCH_PROCESING_TASK_QUEUE WorkerID 21953@phi01@ WorkflowType BatchProcessWorkflow WorkflowID batch.workflow RunID c5e5f0c3-43ac-41e7-9861-098392c1f793 Attempt 1
2022/05/11 11:07:47 DEBUG NewTimer Namespace default TaskQueue BATCH_PROCESING_TASK_QUEUE WorkerID 21953@phi01@ WorkflowType BatchProcessWorkflow WorkflowID batch.workflow RunID c5e5f0c3-43ac-41e7-9861-098392c1f793 Attempt 1 TimerID 5 Duration 30s
2022/05/11 11:08:17 INFO  event received. Namespace default TaskQueue BATCH_PROCESING_TASK_QUEUE WorkerID 21953@phi01@ WorkflowType BatchProcessWorkflow WorkflowID batch.workflow RunID c5e5f0c3-43ac-41e7-9861-098392c1f793 Attempt 1
2022/05/11 11:08:17 INFO  processing batch of length 1  Namespace default TaskQueue BATCH_PROCESING_TASK_QUEUE WorkerID 21953@phi01@ WorkflowType BatchProcessWorkflow WorkflowID batch.workflow RunID c5e5f0c3-43ac-41e7-9861-098392c1f793 Attempt 1
2022/05/11 11:08:17 DEBUG ExecuteActivity Namespace default TaskQueue BATCH_PROCESING_TASK_QUEUE WorkerID 21953@phi01@ WorkflowType BatchProcessWorkflow WorkflowID batch.workflow RunID c5e5f0c3-43ac-41e7-9861-098392c1f793 Attempt 1 ActivityID 10 ActivityType BatchProcessingActivity
2022/05/11 11:08:17 INFO  BatchProcessingActivity processing started. Namespace default TaskQueue BATCH_PROCESING_TASK_QUEUE WorkerID 21953@phi01@ ActivityID 10 ActivityType BatchProcessingActivity Attempt 1 WorkflowType BatchProcessWorkflow WorkflowID batch.workflow RunID c5e5f0c3-43ac-41e7-9861-098392c1f793 count 1
2022/05/11 11:08:17 INFO  BatchProcessingActivity process Namespace default TaskQueue BATCH_PROCESING_TASK_QUEUE WorkerID 21953@phi01@ ActivityID 10 ActivityType BatchProcessingActivity Attempt 1 WorkflowType BatchProcessWorkflow WorkflowID batch.workflow RunID c5e5f0c3-43ac-41e7-9861-098392c1f793 event { }
2022/05/11 11:08:25 INFO  BatchProcessingActivity done. Namespace default TaskQueue BATCH_PROCESING_TASK_QUEUE WorkerID 21953@phi01@ ActivityID 10 ActivityType BatchProcessingActivity Attempt 1 WorkflowType BatchProcessWorkflow WorkflowID batch.workflow RunID c5e5f0c3-43ac-41e7-9861-098392c1f793 duration 8s
2022/05/11 11:08:25 INFO  Workflow completed  Namespace default TaskQueue BATCH_PROCESING_TASK_QUEUE WorkerID 21953@phi01@ WorkflowType BatchProcessWorkflow WorkflowID batch.workflow RunID c5e5f0c3-43ac-41e7-9861-098392c1f793 Attempt 1
2022/05/11 11:08:25 INFO  batching workflow Namespace default TaskQueue BATCH_PROCESING_TASK_QUEUE WorkerID 21953@phi01@ WorkflowType BatchProcessWorkflow WorkflowID batch.workflow RunID f588e9b3-bae6-4dc1-add3-d96107febf50 Attempt 1
2022/05/11 11:08:25 DEBUG NewTimer Namespace default TaskQueue BATCH_PROCESING_TASK_QUEUE WorkerID 21953@phi01@ WorkflowType BatchProcessWorkflow WorkflowID batch.workflow RunID f588e9b3-bae6-4dc1-add3-d96107febf50 Attempt 1 TimerID 5 Duration 30s
2022/05/11 11:08:55 INFO  event received. Namespace default TaskQueue BATCH_PROCESING_TASK_QUEUE WorkerID 21953@phi01@ WorkflowType BatchProcessWorkflow WorkflowID batch.workflow RunID f588e9b3-bae6-4dc1-add3-d96107febf50 Attempt 1
2022/05/11 11:08:55 INFO  processing batch of length 1  Namespace default TaskQueue BATCH_PROCESING_TASK_QUEUE WorkerID 21953@phi01@ WorkflowType BatchProcessWorkflow WorkflowID batch.workflow RunID f588e9b3-bae6-4dc1-add3-d96107febf50 Attempt 1
2022/05/11 11:08:55 DEBUG ExecuteActivity Namespace default TaskQueue BATCH_PROCESING_TASK_QUEUE WorkerID 21953@phi01@ WorkflowType BatchProcessWorkflow WorkflowID batch.workflow RunID f588e9b3-bae6-4dc1-add3-d96107febf50 Attempt 1 ActivityID 10 ActivityType BatchProcessingActivity
2022/05/11 11:08:55 INFO  BatchProcessingActivity processing started. Namespace default TaskQueue BATCH_PROCESING_TASK_QUEUE WorkerID 21953@phi01@ ActivityID 10 ActivityType BatchProcessingActivity Attempt 1 WorkflowType BatchProcessWorkflow WorkflowID batch.workflow RunID f588e9b3-bae6-4dc1-add3-d96107febf50 count 1
2022/05/11 11:08:55 INFO  BatchProcessingActivity process Namespace default TaskQueue BATCH_PROCESING_TASK_QUEUE WorkerID 21953@phi01@ ActivityID 10 ActivityType BatchProcessingActivity Attempt 1 WorkflowType BatchProcessWorkflow WorkflowID batch.workflow RunID f588e9b3-bae6-4dc1-add3-d96107febf50 event { }
2022/05/11 11:09:00 INFO  BatchProcessingActivity done. Namespace default TaskQueue BATCH_PROCESING_TASK_QUEUE WorkerID 21953@phi01@ ActivityID 10 ActivityType BatchProcessingActivity Attempt 1 WorkflowType BatchProcessWorkflow WorkflowID batch.workflow RunID f588e9b3-bae6-4dc1-add3-d96107febf50 duration 5s
2022/05/11 11:09:00 INFO  Workflow completed  Namespace default TaskQueue BATCH_PROCESING_TASK_QUEUE WorkerID 21953@phi01@ WorkflowType BatchProcessWorkflow WorkflowID batch.workflow RunID f588e9b3-bae6-4dc1-add3-d96107febf50 Attempt 1
2022/05/11 11:09:00 INFO  batching workflow Namespace default TaskQueue BATCH_PROCESING_TASK_QUEUE WorkerID 21953@phi01@ WorkflowType BatchProcessWorkflow WorkflowID batch.workflow RunID 455c8af4-ef63-4d86-9384-8ee839a532bb Attempt 1
2022/05/11 11:09:00 DEBUG NewTimer Namespace default TaskQueue BATCH_PROCESING_TASK_QUEUE WorkerID 21953@phi01@ WorkflowType BatchProcessWorkflow WorkflowID batch.workflow RunID 455c8af4-ef63-4d86-9384-8ee839a532bb Attempt 1 TimerID 5 Duration 30s
2022/05/11 11:09:30 INFO  event received. Namespace default TaskQueue BATCH_PROCESING_TASK_QUEUE WorkerID 21953@phi01@ WorkflowType BatchProcessWorkflow WorkflowID batch.workflow RunID 455c8af4-ef63-4d86-9384-8ee839a532bb Attempt 1
2022/05/11 11:09:30 INFO  processing batch of length 1  Namespace default TaskQueue BATCH_PROCESING_TASK_QUEUE WorkerID 21953@phi01@ WorkflowType BatchProcessWorkflow WorkflowID batch.workflow RunID 455c8af4-ef63-4d86-9384-8ee839a532bb Attempt 1
2022/05/11 11:09:30 DEBUG ExecuteActivity Namespace default TaskQueue BATCH_PROCESING_TASK_QUEUE WorkerID 21953@phi01@ WorkflowType BatchProcessWorkflow WorkflowID batch.workflow RunID 455c8af4-ef63-4d86-9384-8ee839a532bb Attempt 1 ActivityID 10 ActivityType BatchProcessingActivity
2022/05/11 11:09:30 INFO  BatchProcessingActivity processing started. Namespace default TaskQueue BATCH_PROCESING_TASK_QUEUE WorkerID 21953@phi01@ ActivityID 10 ActivityType BatchProcessingActivity Attempt 1 WorkflowType BatchProcessWorkflow WorkflowID batch.workflow RunID 455c8af4-ef63-4d86-9384-8ee839a532bb count 1
2022/05/11 11:09:30 INFO  BatchProcessingActivity process Namespace default TaskQueue BATCH_PROCESING_TASK_QUEUE WorkerID 21953@phi01@ ActivityID 10 ActivityType BatchProcessingActivity Attempt 1 WorkflowType BatchProcessWorkflow WorkflowID batch.workflow RunID 455c8af4-ef63-4d86-9384-8ee839a532bb event { }
2022/05/11 11:09:30 INFO  BatchProcessingActivity done. Namespace default TaskQueue BATCH_PROCESING_TASK_QUEUE WorkerID 21953@phi01@ ActivityID 10 ActivityType BatchProcessingActivity Attempt 1 WorkflowType BatchProcessWorkflow WorkflowID batch.workflow RunID 455c8af4-ef63-4d86-9384-8ee839a532bb duration 0s
2022/05/11 11:09:30 INFO  Workflow completed  Namespace default TaskQueue BATCH_PROCESING_TASK_QUEUE WorkerID 21953@phi01@ WorkflowType BatchProcessWorkflow WorkflowID batch.workflow RunID 455c8af4-ef63-4d86-9384-8ee839a532bb Attempt 1
2022/05/11 11:09:30 INFO  batching workflow Namespace default TaskQueue BATCH_PROCESING_TASK_QUEUE WorkerID 21953@phi01@ WorkflowType BatchProcessWorkflow WorkflowID batch.workflow RunID b2dfe415-6648-4474-8055-353c2293703c Attempt 1
2022/05/11 11:09:30 DEBUG NewTimer Namespace default TaskQueue BATCH_PROCESING_TASK_QUEUE WorkerID 21953@phi01@ WorkflowType BatchProcessWorkflow WorkflowID batch.workflow RunID b2dfe415-6648-4474-8055-353c2293703c Attempt 1 TimerID 5 Duration 30s
2022/05/11 11:10:00 INFO  event received. Namespace default TaskQueue BATCH_PROCESING_TASK_QUEUE WorkerID 21953@phi01@ WorkflowType BatchProcessWorkflow WorkflowID batch.workflow RunID b2dfe415-6648-4474-8055-353c2293703c Attempt 1
2022/05/11 11:10:00 INFO  processing batch of length 1  Namespace default TaskQueue BATCH_PROCESING_TASK_QUEUE WorkerID 21953@phi01@ WorkflowType BatchProcessWorkflow WorkflowID batch.workflow RunID b2dfe415-6648-4474-8055-353c2293703c Attempt 1
2022/05/11 11:10:00 DEBUG ExecuteActivity Namespace default TaskQueue BATCH_PROCESING_TASK_QUEUE WorkerID 21953@phi01@ WorkflowType BatchProcessWorkflow WorkflowID batch.workflow RunID b2dfe415-6648-4474-8055-353c2293703c Attempt 1 ActivityID 10 ActivityType BatchProcessingActivity
2022/05/11 11:10:00 INFO  BatchProcessingActivity processing started. Namespace default TaskQueue BATCH_PROCESING_TASK_QUEUE WorkerID 21953@phi01@ ActivityID 10 ActivityType BatchProcessingActivity Attempt 1 WorkflowType BatchProcessWorkflow WorkflowID batch.workflow RunID b2dfe415-6648-4474-8055-353c2293703c count 1
2022/05/11 11:10:00 INFO  BatchProcessingActivity process Namespace default TaskQueue BATCH_PROCESING_TASK_QUEUE WorkerID 21953@phi01@ ActivityID 10 ActivityType BatchProcessingActivity Attempt 1 WorkflowType BatchProcessWorkflow WorkflowID batch.workflow RunID b2dfe415-6648-4474-8055-353c2293703c event { }
2022/05/11 11:10:06 INFO  BatchProcessingActivity done. Namespace default TaskQueue BATCH_PROCESING_TASK_QUEUE WorkerID 21953@phi01@ ActivityID 10 ActivityType BatchProcessingActivity Attempt 1 WorkflowType BatchProcessWorkflow WorkflowID batch.workflow RunID b2dfe415-6648-4474-8055-353c2293703c duration 6s
2022/05/11 11:10:06 INFO  Workflow completed  Namespace default TaskQueue BATCH_PROCESING_TASK_QUEUE WorkerID 21953@phi01@ WorkflowType BatchProcessWorkflow WorkflowID batch.workflow RunID b2dfe415-6648-4474-8055-353c2293703c Attempt 1
2022/05/11 11:10:06 INFO  batching workflow Namespace default TaskQueue BATCH_PROCESING_TASK_QUEUE WorkerID 21953@phi01@ WorkflowType BatchProcessWorkflow WorkflowID batch.workflow RunID fb9be0f0-7250-4546-8959-a5588b95edc2 Attempt 1
2022/05/11 11:10:06 DEBUG NewTimer Namespace default TaskQueue BATCH_PROCESING_TASK_QUEUE WorkerID 21953@phi01@ WorkflowType BatchProcessWorkflow WorkflowID batch.workflow RunID fb9be0f0-7250-4546-8959-a5588b95edc2 Attempt 1 TimerID 5 Duration 30s
2022/05/11 11:10:36 INFO  event received. Namespace default TaskQueue BATCH_PROCESING_TASK_QUEUE WorkerID 21953@phi01@ WorkflowType BatchProcessWorkflow WorkflowID batch.workflow RunID fb9be0f0-7250-4546-8959-a5588b95edc2 Attempt 1
2022/05/11 11:10:36 INFO  processing batch of length 1  Namespace default TaskQueue BATCH_PROCESING_TASK_QUEUE WorkerID 21953@phi01@ WorkflowType BatchProcessWorkflow WorkflowID batch.workflow RunID fb9be0f0-7250-4546-8959-a5588b95edc2 Attempt 1
2022/05/11 11:10:36 DEBUG ExecuteActivity Namespace default TaskQueue BATCH_PROCESING_TASK_QUEUE WorkerID 21953@phi01@ WorkflowType BatchProcessWorkflow WorkflowID batch.workflow RunID fb9be0f0-7250-4546-8959-a5588b95edc2 Attempt 1 ActivityID 10 ActivityType BatchProcessingActivity
2022/05/11 11:10:36 INFO  BatchProcessingActivity processing started. Namespace default TaskQueue BATCH_PROCESING_TASK_QUEUE WorkerID 21953@phi01@ ActivityID 10 ActivityType BatchProcessingActivity Attempt 1 WorkflowType BatchProcessWorkflow WorkflowID batch.workflow RunID fb9be0f0-7250-4546-8959-a5588b95edc2 count 1
2022/05/11 11:10:36 INFO  BatchProcessingActivity process Namespace default TaskQueue BATCH_PROCESING_TASK_QUEUE WorkerID 21953@phi01@ ActivityID 10 ActivityType BatchProcessingActivity Attempt 1 WorkflowType BatchProcessWorkflow WorkflowID batch.workflow RunID fb9be0f0-7250-4546-8959-a5588b95edc2 event { }
2022/05/11 11:10:36 INFO  BatchProcessingActivity done. Namespace default TaskQueue BATCH_PROCESING_TASK_QUEUE WorkerID 21953@phi01@ ActivityID 10 ActivityType BatchProcessingActivity Attempt 1 WorkflowType BatchProcessWorkflow WorkflowID batch.workflow RunID fb9be0f0-7250-4546-8959-a5588b95edc2 duration 0s
2022/05/11 11:10:36 INFO  Workflow completed  Namespace default TaskQueue BATCH_PROCESING_TASK_QUEUE WorkerID 21953@phi01@ WorkflowType BatchProcessWorkflow WorkflowID batch.workflow RunID fb9be0f0-7250-4546-8959-a5588b95edc2 Attempt 1
2022/05/11 11:10:36 INFO  batching workflow Namespace default TaskQueue BATCH_PROCESING_TASK_QUEUE WorkerID 21953@phi01@ WorkflowType BatchProcessWorkflow WorkflowID batch.workflow RunID e3a1e398-9523-4d3b-865a-5f16650c627a Attempt 1
2022/05/11 11:10:36 DEBUG NewTimer Namespace default TaskQueue BATCH_PROCESING_TASK_QUEUE WorkerID 21953@phi01@ WorkflowType BatchProcessWorkflow WorkflowID batch.workflow RunID e3a1e398-9523-4d3b-865a-5f16650c627a Attempt 1 TimerID 5 Duration 30s
2022/05/11 11:11:06 INFO  event received. Namespace default TaskQueue BATCH_PROCESING_TASK_QUEUE WorkerID 21953@phi01@ WorkflowType BatchProcessWorkflow WorkflowID batch.workflow RunID e3a1e398-9523-4d3b-865a-5f16650c627a Attempt 1
2022/05/11 11:11:06 INFO  processing batch of length 1  Namespace default TaskQueue BATCH_PROCESING_TASK_QUEUE WorkerID 21953@phi01@ WorkflowType BatchProcessWorkflow WorkflowID batch.workflow RunID e3a1e398-9523-4d3b-865a-5f16650c627a Attempt 1
2022/05/11 11:11:06 DEBUG ExecuteActivity Namespace default TaskQueue BATCH_PROCESING_TASK_QUEUE WorkerID 21953@phi01@ WorkflowType BatchProcessWorkflow WorkflowID batch.workflow RunID e3a1e398-9523-4d3b-865a-5f16650c627a Attempt 1 ActivityID 10 ActivityType BatchProcessingActivity
2022/05/11 11:11:06 INFO  BatchProcessingActivity processing started. Namespace default TaskQueue BATCH_PROCESING_TASK_QUEUE WorkerID 21953@phi01@ ActivityID 10 ActivityType BatchProcessingActivity Attempt 1 WorkflowType BatchProcessWorkflow WorkflowID batch.workflow RunID e3a1e398-9523-4d3b-865a-5f16650c627a count 1
2022/05/11 11:11:06 INFO  BatchProcessingActivity process Namespace default TaskQueue BATCH_PROCESING_TASK_QUEUE WorkerID 21953@phi01@ ActivityID 10 ActivityType BatchProcessingActivity Attempt 1 WorkflowType BatchProcessWorkflow WorkflowID batch.workflow RunID e3a1e398-9523-4d3b-865a-5f16650c627a event { }
2022/05/11 11:11:10 INFO  BatchProcessingActivity done. Namespace default TaskQueue BATCH_PROCESING_TASK_QUEUE WorkerID 21953@phi01@ ActivityID 10 ActivityType BatchProcessingActivity Attempt 1 WorkflowType BatchProcessWorkflow WorkflowID batch.workflow RunID e3a1e398-9523-4d3b-865a-5f16650c627a duration 4s
2022/05/11 11:11:10 INFO  Workflow completed  Namespace default TaskQueue BATCH_PROCESING_TASK_QUEUE WorkerID 21953@phi01@ WorkflowType BatchProcessWorkflow WorkflowID batch.workflow RunID e3a1e398-9523-4d3b-865a-5f16650c627a Attempt 1
2022/05/11 11:11:10 INFO  batching workflow Namespace default TaskQueue BATCH_PROCESING_TASK_QUEUE WorkerID 21953@phi01@ WorkflowType BatchProcessWorkflow WorkflowID batch.workflow RunID ac3963d9-a4b6-4ea4-a7fe-29f2abbff47e Attempt 1
2022/05/11 11:11:10 DEBUG NewTimer Namespace default TaskQueue BATCH_PROCESING_TASK_QUEUE WorkerID 21953@phi01@ WorkflowType BatchProcessWorkflow WorkflowID batch.workflow RunID ac3963d9-a4b6-4ea4-a7fe-29f2abbff47e Attempt 1 TimerID 5 Duration 30s


> Test run finished at 5/11/2022, 11:11:13 AM <

